<?xml version="1.0" encoding="UTF-8"?>
<!-- Generated by org.testng.reporters.JUnitReportReporter -->
<testsuite skipped="0" hostname="DESKTOP-2DTGKL6" name="com.facebook.automation.main.LoginFacebookSteps" tests="1" failures="0" timestamp="2020-01-09T01:51:20 PST" time="14.180" errors="0">
  <testcase name="login" time="14.180" classname="com.facebook.automation.main.LoginFacebookSteps"/>
</testsuite> <!-- com.facebook.automation.main.LoginFacebookSteps -->
